2023-07-12 10:52:11,894 - tw2 - INFO - Worker tw2 started. Worker status at start:
2023-07-12 10:52:11,894 - tw2 - INFO - ask for status at 2023-07-12 10:52:11.894178+02:00
2023-07-12 10:52:11,894 - tw2 - INFO -   worker: tw2
2023-07-12 10:52:11,894 - tw2 - INFO -   process-id: 971
2023-07-12 10:52:11,894 - tw2 - INFO -   running: False
2023-07-12 10:52:11,894 - tw2 - INFO -   running-enabled: True
2023-07-12 10:52:11,894 - tw2 - INFO -   counter: 0
2023-07-12 10:52:11,894 - tw2 - INFO -   started-at: 2023-07-12 10:52:11
2023-07-12 10:52:11,894 - tw2 - INFO -   last-state-at: None
2023-07-12 10:52:11,894 - tw2 - INFO -   runtime: 0:00:00.000003
2023-07-12 10:52:11,894 - tw2 - INFO -   timer: 1.0 / 1 min
2023-07-12 10:52:11,894 - tw2 - INFO -   will-stop-at: 2023-07-12 10:53:11
2023-07-12 10:52:11,894 - tw2 - INFO -   slow-down: 1
2023-07-12 10:52:11,894 - tw2 - INFO -   periodic-job-evry-sec: None
2023-07-12 10:52:11,894 - tw2 - INFO -   iterations: 0
2023-07-12 10:52:11,894 - tw2 - INFO - Starting for: 1 minutes, will stop at: 2023-07-12 10:53:11.894073+02:00.
2023-07-12 10:52:25,896 - tw2 - INFO - stop request: True at 2023-07-12 10:52:25.896308+02:00
2023-07-12 10:52:26,896 - tw2 - INFO - ask for status at 2023-07-12 10:52:26.896200+02:00
2023-07-12 10:52:26,896 - tw2 - INFO -   worker: tw2
2023-07-12 10:52:26,896 - tw2 - INFO -   process-id: 971
2023-07-12 10:52:26,896 - tw2 - INFO -   running: True
2023-07-12 10:52:26,896 - tw2 - INFO -   running-enabled: False
2023-07-12 10:52:26,896 - tw2 - INFO -   counter: 16
2023-07-12 10:52:26,896 - tw2 - INFO -   started-at: 2023-07-12 10:52:11
2023-07-12 10:52:26,896 - tw2 - INFO -   last-state-at: 2023-07-12 10:52:11
2023-07-12 10:52:26,896 - tw2 - INFO -   runtime: 0:00:15.002081
2023-07-12 10:52:26,896 - tw2 - INFO -   timer: 0.7 / 1 min
2023-07-12 10:52:26,896 - tw2 - INFO -   will-stop-at: 2023-07-12 10:53:11
2023-07-12 10:52:26,896 - tw2 - INFO -   slow-down: 1
2023-07-12 10:52:26,896 - tw2 - INFO -   periodic-job-evry-sec: None
2023-07-12 10:52:26,896 - tw2 - INFO -   iterations: 16
2023-07-12 10:55:42,600 - tw2 - INFO - Worker tw2 started. Worker status at start:
2023-07-12 10:55:42,600 - tw2 - INFO - ask for status at 2023-07-12 10:55:42.600905+02:00
2023-07-12 10:55:42,600 - tw2 - INFO -   worker: tw2
2023-07-12 10:55:42,600 - tw2 - INFO -   process-id: 1338
2023-07-12 10:55:42,601 - tw2 - INFO -   running: False
2023-07-12 10:55:42,601 - tw2 - INFO -   running-enabled: True
2023-07-12 10:55:42,601 - tw2 - INFO -   counter: 0
2023-07-12 10:55:42,601 - tw2 - INFO -   started-at: 2023-07-12 10:55:42
2023-07-12 10:55:42,601 - tw2 - INFO -   last-state-at: None
2023-07-12 10:55:42,601 - tw2 - INFO -   runtime: 0:00:00.000008
2023-07-12 10:55:42,601 - tw2 - INFO -   timer: 1.0 / 1 min
2023-07-12 10:55:42,601 - tw2 - INFO -   will-stop-at: 2023-07-12 10:56:42
2023-07-12 10:55:42,601 - tw2 - INFO -   slow-down: 1
2023-07-12 10:55:42,601 - tw2 - INFO -   periodic-job-evry-sec: None
2023-07-12 10:55:42,601 - tw2 - INFO -   iterations: 0
2023-07-12 10:55:42,601 - tw2 - INFO - Starting for: 1 minutes, will stop at: 2023-07-12 10:56:42.600768+02:00.
2023-07-12 10:55:59,335 - tw2 - INFO - ask for status at 2023-07-12 10:55:59.335416+02:00
2023-07-12 10:56:01,695 - tw2 - INFO - ask for status at 2023-07-12 10:56:01.695723+02:00
2023-07-12 10:56:02,951 - tw2 - INFO - ask for status at 2023-07-12 10:56:02.951423+02:00
2023-07-12 10:56:04,887 - tw2 - INFO - ask for status at 2023-07-12 10:56:04.887635+02:00
2023-07-12 10:56:32,567 - tw2 - INFO - ask for status at 2023-07-12 10:56:32.567634+02:00
2023-07-12 10:56:34,287 - tw2 - INFO - ask for status at 2023-07-12 10:56:34.287455+02:00
2023-07-12 10:56:42,607 - tw2 - INFO - TimerEnd at 2023-07-12 10:56:42.607348+02:00
2023-07-12 10:56:42,607 - tw2 - INFO - ask for status at 2023-07-12 10:56:42.607487+02:00
2023-07-12 10:56:42,607 - tw2 - INFO -   worker: tw2
2023-07-12 10:56:42,607 - tw2 - INFO -   process-id: 1338
2023-07-12 10:56:42,607 - tw2 - INFO -   running: True
2023-07-12 10:56:42,607 - tw2 - INFO -   running-enabled: True
2023-07-12 10:56:42,607 - tw2 - INFO -   counter: 60
2023-07-12 10:56:42,607 - tw2 - INFO -   started-at: 2023-07-12 10:55:42
2023-07-12 10:56:42,607 - tw2 - INFO -   last-state-at: 2023-07-12 10:56:34
2023-07-12 10:56:42,607 - tw2 - INFO -   runtime: 0:00:59.006498
2023-07-12 10:56:42,607 - tw2 - INFO -   timer: -0.0 / 1 min
2023-07-12 10:56:42,607 - tw2 - INFO -   will-stop-at: 2023-07-12 10:56:42
2023-07-12 10:56:42,607 - tw2 - INFO -   slow-down: 1
2023-07-12 10:56:42,607 - tw2 - INFO -   periodic-job-evry-sec: None
2023-07-12 10:56:42,607 - tw2 - INFO -   iterations: 60
2023-07-12 10:56:53,223 - tw2 - INFO - stop request: True at 2023-07-12 10:56:53.223415+02:00
