2023-07-12 10:52:11,894 - tw3 - INFO - Worker tw3 started. Worker status at start:
2023-07-12 10:52:11,894 - tw3 - INFO - ask for status at 2023-07-12 10:52:11.894941+02:00
2023-07-12 10:52:11,895 - tw3 - INFO -   worker: tw3
2023-07-12 10:52:11,895 - tw3 - INFO -   process-id: 971
2023-07-12 10:52:11,895 - tw3 - INFO -   running: False
2023-07-12 10:52:11,895 - tw3 - INFO -   running-enabled: True
2023-07-12 10:52:11,895 - tw3 - INFO -   counter: 0
2023-07-12 10:52:11,895 - tw3 - INFO -   started-at: 2023-07-12 10:52:11
2023-07-12 10:52:11,895 - tw3 - INFO -   last-state-at: None
2023-07-12 10:52:11,895 - tw3 - INFO -   runtime: 0:00:00.000008
2023-07-12 10:52:11,895 - tw3 - INFO -   timer: 1.0 / 1 min
2023-07-12 10:52:11,895 - tw3 - INFO -   will-stop-at: 2023-07-12 10:53:11
2023-07-12 10:52:11,895 - tw3 - INFO -   slow-down: 1
2023-07-12 10:52:11,895 - tw3 - INFO -   periodic-job-evry-sec: None
2023-07-12 10:52:11,895 - tw3 - INFO -   iterations: 0
2023-07-12 10:52:11,895 - tw3 - INFO - Starting for: 1 minutes, will stop at: 2023-07-12 10:53:11.894731+02:00.
2023-07-12 10:52:26,896 - tw3 - INFO - stop request: True at 2023-07-12 10:52:26.896875+02:00
2023-07-12 10:52:26,897 - tw3 - INFO - ask for status at 2023-07-12 10:52:26.897103+02:00
2023-07-12 10:52:26,897 - tw3 - INFO -   worker: tw3
2023-07-12 10:52:26,897 - tw3 - INFO -   process-id: 971
2023-07-12 10:52:26,897 - tw3 - INFO -   running: True
2023-07-12 10:52:26,897 - tw3 - INFO -   running-enabled: False
2023-07-12 10:52:26,897 - tw3 - INFO -   counter: 16
2023-07-12 10:52:26,897 - tw3 - INFO -   started-at: 2023-07-12 10:52:11
2023-07-12 10:52:26,897 - tw3 - INFO -   last-state-at: 2023-07-12 10:52:11
2023-07-12 10:52:26,897 - tw3 - INFO -   runtime: 0:00:15.002331
2023-07-12 10:52:26,897 - tw3 - INFO -   timer: 0.7 / 1 min
2023-07-12 10:52:26,897 - tw3 - INFO -   will-stop-at: 2023-07-12 10:53:11
2023-07-12 10:52:26,897 - tw3 - INFO -   slow-down: 1
2023-07-12 10:52:26,897 - tw3 - INFO -   periodic-job-evry-sec: None
2023-07-12 10:52:26,897 - tw3 - INFO -   iterations: 16
2023-07-12 10:55:49,296 - tw3 - INFO - Worker tw3 started. Worker status at start:
2023-07-12 10:55:49,296 - tw3 - INFO - ask for status at 2023-07-12 10:55:49.296913+02:00
2023-07-12 10:55:49,297 - tw3 - INFO -   worker: tw3
2023-07-12 10:55:49,297 - tw3 - INFO -   process-id: 1338
2023-07-12 10:55:49,297 - tw3 - INFO -   running: False
2023-07-12 10:55:49,297 - tw3 - INFO -   running-enabled: True
2023-07-12 10:55:49,297 - tw3 - INFO -   counter: 0
2023-07-12 10:55:49,297 - tw3 - INFO -   started-at: 2023-07-12 10:55:49
2023-07-12 10:55:49,297 - tw3 - INFO -   last-state-at: None
2023-07-12 10:55:49,297 - tw3 - INFO -   runtime: 0:00:00.000008
2023-07-12 10:55:49,297 - tw3 - INFO -   timer: 1.0 / 1 min
2023-07-12 10:55:49,297 - tw3 - INFO -   will-stop-at: 2023-07-12 10:56:49
2023-07-12 10:55:49,297 - tw3 - INFO -   slow-down: 1
2023-07-12 10:55:49,297 - tw3 - INFO -   periodic-job-evry-sec: None
2023-07-12 10:55:49,297 - tw3 - INFO -   iterations: 0
2023-07-12 10:55:49,297 - tw3 - INFO - Starting for: 1 minutes, will stop at: 2023-07-12 10:56:49.296751+02:00.
2023-07-12 10:55:59,335 - tw3 - INFO - ask for status at 2023-07-12 10:55:59.335524+02:00
2023-07-12 10:56:01,695 - tw3 - INFO - ask for status at 2023-07-12 10:56:01.695867+02:00
2023-07-12 10:56:02,951 - tw3 - INFO - ask for status at 2023-07-12 10:56:02.951533+02:00
2023-07-12 10:56:04,887 - tw3 - INFO - ask for status at 2023-07-12 10:56:04.887725+02:00
2023-07-12 10:56:32,567 - tw3 - INFO - ask for status at 2023-07-12 10:56:32.567721+02:00
2023-07-12 10:56:34,287 - tw3 - INFO - ask for status at 2023-07-12 10:56:34.287593+02:00
2023-07-12 10:56:49,304 - tw3 - INFO - TimerEnd at 2023-07-12 10:56:49.304224+02:00
2023-07-12 10:56:49,304 - tw3 - INFO - ask for status at 2023-07-12 10:56:49.304368+02:00
2023-07-12 10:56:49,304 - tw3 - INFO -   worker: tw3
2023-07-12 10:56:49,304 - tw3 - INFO -   process-id: 1338
2023-07-12 10:56:49,304 - tw3 - INFO -   running: True
2023-07-12 10:56:49,304 - tw3 - INFO -   running-enabled: True
2023-07-12 10:56:49,304 - tw3 - INFO -   counter: 60
2023-07-12 10:56:49,304 - tw3 - INFO -   started-at: 2023-07-12 10:55:49
2023-07-12 10:56:49,304 - tw3 - INFO -   last-state-at: 2023-07-12 10:56:34
2023-07-12 10:56:49,304 - tw3 - INFO -   runtime: 0:00:59.007366
2023-07-12 10:56:49,304 - tw3 - INFO -   timer: -0.0 / 1 min
2023-07-12 10:56:49,304 - tw3 - INFO -   will-stop-at: 2023-07-12 10:56:49
2023-07-12 10:56:49,304 - tw3 - INFO -   slow-down: 1
2023-07-12 10:56:49,304 - tw3 - INFO -   periodic-job-evry-sec: None
2023-07-12 10:56:49,304 - tw3 - INFO -   iterations: 60
2023-07-12 10:56:53,223 - tw3 - INFO - stop request: True at 2023-07-12 10:56:53.223441+02:00
